<?xml version="1.0" encoding="UTF-8"?>
<!-- Generated by org.testng.reporters.JUnitReportReporter -->
<testsuite skipped="0" hostname="pc-PC" name="cts.miniproject.test.DdwordpressLogin" tests="3" failures="0" timestamp="2020-03-30T10:20:36 IST" time="163.576" errors="0">
  <testcase name="loginToWordpress" time="24.405" classname="cts.miniproject.test.DdwordpressLogin"/>
  <system-out/>
  <testcase name="loginToWordpress" time="21.269" classname="cts.miniproject.test.DdwordpressLogin"/>
  <system-out/>
  <testcase name="loginToWordpress" time="117.902" classname="cts.miniproject.test.DdwordpressLogin"/>
  <system-out/>
</testsuite> <!-- cts.miniproject.test.DdwordpressLogin -->
